{"C:\\Users\\afzoo\\OneDrive\\Desktop\\GISMA Material\\SEM5\\SoftwareTesting\\ecoweatherapp\\weather.js": {"path":"C:\\Users\\afzoo\\OneDrive\\Desktop\\GISMA Material\\SEM5\\SoftwareTesting\\ecoweatherapp\\weather.js","statementMap":{"0":{"start":{"line":4,"column":2},"end":{"line":4,"column":37}},"1":{"start":{"line":10,"column":4},"end":{"line":11,"column":38}},"2":{"start":{"line":13,"column":14},"end":{"line":13,"column":30}},"3":{"start":{"line":14,"column":2},"end":{"line":14,"column":55}},"4":{"start":{"line":14,"column":15},"end":{"line":14,"column":55}},"5":{"start":{"line":15,"column":15},"end":{"line":15,"column":31}},"6":{"start":{"line":17,"column":18},"end":{"line":17,"column":31}},"7":{"start":{"line":18,"column":2},"end":{"line":18,"column":52}},"8":{"start":{"line":18,"column":40},"end":{"line":18,"column":52}},"9":{"start":{"line":19,"column":2},"end":{"line":19,"column":20}},"10":{"start":{"line":25,"column":4},"end":{"line":27,"column":65}},"11":{"start":{"line":29,"column":14},"end":{"line":29,"column":30}},"12":{"start":{"line":30,"column":2},"end":{"line":30,"column":53}},"13":{"start":{"line":30,"column":15},"end":{"line":30,"column":53}},"14":{"start":{"line":31,"column":15},"end":{"line":31,"column":31}},"15":{"start":{"line":33,"column":18},"end":{"line":33,"column":31}},"16":{"start":{"line":34,"column":2},"end":{"line":34,"column":55}},"17":{"start":{"line":34,"column":16},"end":{"line":34,"column":55}},"18":{"start":{"line":36,"column":2},"end":{"line":40,"column":4}}},"fnMap":{"0":{"name":"safeTrim","decl":{"start":{"line":3,"column":16},"end":{"line":3,"column":24}},"loc":{"start":{"line":3,"column":28},"end":{"line":5,"column":1}},"line":3},"1":{"name":"geocodeCity","decl":{"start":{"line":8,"column":22},"end":{"line":8,"column":33}},"loc":{"start":{"line":8,"column":40},"end":{"line":20,"column":1}},"line":8},"2":{"name":"fetchWeather","decl":{"start":{"line":23,"column":22},"end":{"line":23,"column":34}},"loc":{"start":{"line":23,"column":45},"end":{"line":41,"column":1}},"line":23}},"branchMap":{"0":{"loc":{"start":{"line":4,"column":10},"end":{"line":4,"column":17}},"type":"binary-expr","locations":[{"start":{"line":4,"column":10},"end":{"line":4,"column":11}},{"start":{"line":4,"column":15},"end":{"line":4,"column":17}}],"line":4},"1":{"loc":{"start":{"line":14,"column":2},"end":{"line":14,"column":55}},"type":"if","locations":[{"start":{"line":14,"column":2},"end":{"line":14,"column":55}},{"start":{},"end":{}}],"line":14},"2":{"loc":{"start":{"line":18,"column":2},"end":{"line":18,"column":52}},"type":"if","locations":[{"start":{"line":18,"column":2},"end":{"line":18,"column":52}},{"start":{},"end":{}}],"line":18},"3":{"loc":{"start":{"line":18,"column":6},"end":{"line":18,"column":38}},"type":"binary-expr","locations":[{"start":{"line":18,"column":6},"end":{"line":18,"column":14}},{"start":{"line":18,"column":18},"end":{"line":18,"column":38}}],"line":18},"4":{"loc":{"start":{"line":30,"column":2},"end":{"line":30,"column":53}},"type":"if","locations":[{"start":{"line":30,"column":2},"end":{"line":30,"column":53}},{"start":{},"end":{}}],"line":30},"5":{"loc":{"start":{"line":34,"column":2},"end":{"line":34,"column":55}},"type":"if","locations":[{"start":{"line":34,"column":2},"end":{"line":34,"column":55}},{"start":{},"end":{}}],"line":34}},"s":{"0":3,"1":0,"2":0,"3":0,"4":0,"5":0,"6":0,"7":0,"8":0,"9":0,"10":3,"11":3,"12":3,"13":1,"14":2,"15":2,"16":3,"17":1,"18":1},"f":{"0":3,"1":0,"2":3},"b":{"0":[3,2],"1":[0,0],"2":[0,0],"3":[0,0],"4":[1,2],"5":[1,2]},"meta":{"lastBranch":6,"lastFunction":3,"lastStatement":19,"seen":{"f:3:16:3:24":0,"s:4:2:4:37":0,"b:4:10:4:11:4:15:4:17":0,"f:8:22:8:33":1,"s:10:4:11:38":1,"s:13:14:13:30":2,"b:14:2:14:55:undefined:undefined:undefined:undefined":1,"s:14:2:14:55":3,"s:14:15:14:55":4,"s:15:15:15:31":5,"s:17:18:17:31":6,"b:18:2:18:52:undefined:undefined:undefined:undefined":2,"s:18:2:18:52":7,"b:18:6:18:14:18:18:18:38":3,"s:18:40:18:52":8,"s:19:2:19:20":9,"f:23:22:23:34":2,"s:25:4:27:65":10,"s:29:14:29:30":11,"b:30:2:30:53:undefined:undefined:undefined:undefined":4,"s:30:2:30:53":12,"s:30:15:30:53":13,"s:31:15:31:31":14,"s:33:18:33:31":15,"b:34:2:34:55:undefined:undefined:undefined:undefined":5,"s:34:2:34:55":16,"s:34:16:34:55":17,"s:36:2:40:4":18}}}
}
